[2022-05-23 14:32:33,177][test_04_home.py 32][INFO]: *************** 开始执行用例 ***************
[2022-05-23 14:32:33,672][test_04_home.py 54][INFO]: ---- 首页信息接口 ----
[2022-05-23 14:32:33,871][test_04_home.py 58][INFO]: 请求成功
[2022-05-23 14:32:33,873][test_04_home.py 44][INFO]: *************** 结束执行用例 ***************
[2022-05-23 14:32:33,877][test_04_home.py 32][INFO]: *************** 开始执行用例 ***************
[2022-05-23 14:32:34,344][test_04_home.py 70][INFO]: ---- 轮播图接口 ----
[2022-05-23 14:32:34,526][test_04_home.py 74][INFO]: 请求成功
[2022-05-23 14:32:34,530][test_04_home.py 44][INFO]: *************** 结束执行用例 ***************
[2022-05-23 14:32:34,532][test_04_home.py 32][INFO]: *************** 开始执行用例 ***************
[2022-05-23 14:32:34,877][test_04_home.py 86][INFO]: ---- 上电视接口 ----
[2022-05-23 14:32:35,037][test_04_home.py 89][INFO]: 请求成功
[2022-05-23 14:32:35,038][test_04_home.py 44][INFO]: *************** 结束执行用例 ***************
[2022-05-23 14:32:35,047][test_04_home.py 32][INFO]: *************** 开始执行用例 ***************
[2022-05-23 14:32:35,379][test_04_home.py 101][INFO]: ---- 礼物列表接口 ----
[2022-05-23 14:32:35,534][test_04_home.py 104][INFO]: 请求成功
[2022-05-23 14:32:35,535][test_04_home.py 44][INFO]: *************** 结束执行用例 ***************
[2022-05-23 14:32:35,538][test_04_home.py 32][INFO]: *************** 开始执行用例 ***************
[2022-05-23 14:32:36,010][test_04_home.py 116][INFO]: ---- 搜索列表接口 ----
[2022-05-23 14:32:36,198][test_04_home.py 119][INFO]: 请求成功
[2022-05-23 14:32:36,199][test_04_home.py 44][INFO]: *************** 结束执行用例 ***************
[2022-05-23 14:32:36,202][test_04_home.py 32][INFO]: *************** 开始执行用例 ***************
[2022-05-23 14:32:36,705][test_04_home.py 131][INFO]: ---- 搜索接口 ----
[2022-05-23 14:32:36,880][test_04_home.py 134][INFO]: 搜索内容不存在
[2022-05-23 14:32:36,880][test_04_home.py 136][INFO]: {"content":"1","page":"1","pagesize":"20"}
[2022-05-23 14:32:36,881][test_04_home.py 137][INFO]: 接口结果为:{'c': 10004, 'm': '搜索内容不存在', 'n': '/v1/user/user/search', 'd': {}, 't': '1653287552', 'r': '22.983074188232ms'}
[2022-05-23 14:32:36,921][test_04_home.py 44][INFO]: *************** 结束执行用例 ***************
[2022-05-23 14:32:36,926][test_04_home.py 32][INFO]: *************** 开始执行用例 ***************
[2022-05-23 14:32:37,292][test_04_home.py 146][INFO]: ---- 亲密度排行榜接口 ----
[2022-05-23 14:32:37,455][test_04_home.py 149][INFO]: 请求成功
[2022-05-23 14:32:37,457][test_04_home.py 44][INFO]: *************** 结束执行用例 ***************
[2022-05-23 14:32:37,465][test_04_home.py 32][INFO]: *************** 开始执行用例 ***************
[2022-05-23 14:32:37,801][test_04_home.py 146][INFO]: ---- 亲密度排行榜接口 ----
[2022-05-23 14:32:37,977][test_04_home.py 149][INFO]: 请求成功
[2022-05-23 14:32:37,979][test_04_home.py 44][INFO]: *************** 结束执行用例 ***************
[2022-05-23 14:32:37,983][test_04_home.py 32][INFO]: *************** 开始执行用例 ***************
[2022-05-23 14:32:38,451][test_04_home.py 146][INFO]: ---- 亲密度排行榜接口 ----
[2022-05-23 14:32:38,670][test_04_home.py 149][INFO]: 请求成功
[2022-05-23 14:32:38,672][test_04_home.py 44][INFO]: *************** 结束执行用例 ***************
[2022-05-23 14:32:38,680][test_04_home.py 32][INFO]: *************** 开始执行用例 ***************
[2022-05-23 14:32:39,179][test_04_home.py 161][INFO]: ---- 签到 ----
[2022-05-23 14:32:39,329][test_04_home.py 164][INFO]: 只有设备第一个注册账号能领取~
[2022-05-23 14:32:39,330][test_04_home.py 166][INFO]: None
[2022-05-23 14:32:39,330][test_04_home.py 167][INFO]: 接口结果为:{'c': 10004, 'm': '只有设备第一个注册账号能领取~', 'n': '/v1/user/task/signinAdd', 'd': {}, 't': '1653287555', 'r': '16.613960266113ms'}
[2022-05-23 14:32:39,344][test_04_home.py 44][INFO]: *************** 结束执行用例 ***************
[2022-05-23 14:32:39,349][test_04_home.py 32][INFO]: *************** 开始执行用例 ***************
[2022-05-23 14:32:39,695][test_04_home.py 176][INFO]: ---- 语音抢聊 ----
[2022-05-23 14:32:39,865][test_04_home.py 181][INFO]: 请求成功
[2022-05-23 14:32:39,866][test_04_home.py 44][INFO]: *************** 结束执行用例 ***************
[2022-05-23 14:32:39,870][test_04_home.py 32][INFO]: *************** 开始执行用例 ***************
[2022-05-23 14:32:40,314][test_04_home.py 193][INFO]: ---- 语音抢聊退出 ----
[2022-05-23 14:32:40,558][test_04_home.py 196][INFO]: 请求成功
[2022-05-23 14:32:40,562][test_04_home.py 44][INFO]: *************** 结束执行用例 ***************
[2022-05-23 14:32:40,567][test_04_home.py 32][INFO]: *************** 开始执行用例 ***************
[2022-05-23 14:32:41,023][test_04_home.py 208][INFO]: ---- 视频抢聊 ----
[2022-05-23 14:32:51,272][test_04_home.py 214][INFO]: 请求成功
[2022-05-23 14:32:51,274][test_04_home.py 44][INFO]: *************** 结束执行用例 ***************
[2022-05-23 14:32:51,281][test_04_home.py 32][INFO]: *************** 开始执行用例 ***************
[2022-05-23 14:32:51,750][test_04_home.py 226][INFO]: ---- 视频抢聊退出 ----
[2022-05-23 14:32:51,987][test_04_home.py 229][INFO]: 请求成功
[2022-05-23 14:32:51,988][test_04_home.py 44][INFO]: *************** 结束执行用例 ***************
[2022-05-23 14:32:51,996][test_04_home.py 32][INFO]: *************** 开始执行用例 ***************
[2022-05-23 14:32:52,333][test_04_home.py 241][INFO]: ---- 首页推荐在线列表 ----
[2022-05-23 14:32:52,503][test_04_home.py 244][INFO]: 请求成功
[2022-05-23 14:32:52,505][test_04_home.py 44][INFO]: *************** 结束执行用例 ***************
[2022-05-23 14:32:52,510][test_04_home.py 32][INFO]: *************** 开始执行用例 ***************
[2022-05-23 14:32:52,843][test_04_home.py 256][INFO]: ---- 首页推荐离线列表 ----
[2022-05-23 14:32:53,012][test_04_home.py 259][INFO]: 请求成功
[2022-05-23 14:32:53,014][test_04_home.py 44][INFO]: *************** 结束执行用例 ***************
[2022-05-23 14:32:53,017][test_04_home.py 32][INFO]: *************** 开始执行用例 ***************
[2022-05-23 14:32:53,512][test_04_home.py 271][INFO]: ---- 附近列表 ----
[2022-05-23 14:32:53,702][test_04_home.py 274][INFO]: 请求成功
[2022-05-23 14:32:53,704][test_04_home.py 44][INFO]: *************** 结束执行用例 ***************
[2022-05-23 14:32:53,711][test_04_home.py 32][INFO]: *************** 开始执行用例 ***************
[2022-05-23 14:32:54,157][test_04_home.py 286][INFO]: ---- 约会列表 ----
[2022-05-23 14:32:54,305][test_04_home.py 289][INFO]: 请求成功
[2022-05-23 14:32:54,308][test_04_home.py 44][INFO]: *************** 结束执行用例 ***************
[2022-05-23 14:32:54,315][test_04_home.py 32][INFO]: *************** 开始执行用例 ***************
[2022-05-23 14:32:54,654][test_04_home.py 301][INFO]: ---- 富豪榜接口 ----
[2022-05-23 14:32:54,808][test_04_home.py 304][INFO]: 请求成功
[2022-05-23 14:32:54,811][test_04_home.py 44][INFO]: *************** 结束执行用例 ***************
[2022-05-23 14:32:54,816][test_04_home.py 32][INFO]: *************** 开始执行用例 ***************
[2022-05-23 14:32:55,153][test_04_home.py 301][INFO]: ---- 富豪榜接口 ----
[2022-05-23 14:32:55,417][test_04_home.py 304][INFO]: 请求成功
[2022-05-23 14:32:55,418][test_04_home.py 44][INFO]: *************** 结束执行用例 ***************
[2022-05-23 14:32:55,421][test_04_home.py 32][INFO]: *************** 开始执行用例 ***************
[2022-05-23 14:32:55,922][test_04_home.py 301][INFO]: ---- 富豪榜接口 ----
[2022-05-23 14:32:56,105][test_04_home.py 304][INFO]: 请求成功
[2022-05-23 14:32:56,107][test_04_home.py 44][INFO]: *************** 结束执行用例 ***************
[2022-05-23 14:32:56,113][test_04_home.py 32][INFO]: *************** 开始执行用例 ***************
[2022-05-23 14:32:56,573][test_04_home.py 316][INFO]: ---- 女神榜接口 ----
[2022-05-23 14:32:56,752][test_04_home.py 319][INFO]: 请求成功
[2022-05-23 14:32:56,753][test_04_home.py 44][INFO]: *************** 结束执行用例 ***************
[2022-05-23 14:32:56,756][test_04_home.py 32][INFO]: *************** 开始执行用例 ***************
[2022-05-23 14:32:57,088][test_04_home.py 316][INFO]: ---- 女神榜接口 ----
[2022-05-23 14:32:57,246][test_04_home.py 319][INFO]: 请求成功
[2022-05-23 14:32:57,248][test_04_home.py 44][INFO]: *************** 结束执行用例 ***************
[2022-05-23 14:32:57,250][test_04_home.py 32][INFO]: *************** 开始执行用例 ***************
[2022-05-23 14:32:57,590][test_04_home.py 316][INFO]: ---- 女神榜接口 ----
[2022-05-23 14:32:57,753][test_04_home.py 319][INFO]: 请求成功
[2022-05-23 14:32:57,755][test_04_home.py 44][INFO]: *************** 结束执行用例 ***************
